Arguments: 
  C:\Program Files\nodejs\node.exe C:\Users\Eric\AppData\Roaming\npm\node_modules\yarn\bin\yarn.js install

PATH: 
  C:\Program Files\PowerShell\7;C:\Program Files (x86)\Common Files\Oracle\Java\javapath;C:\Python310\Scripts\;C:\Python310\;C:\WINDOWS\system32;C:\WINDOWS;C:\WINDOWS\System32\Wbem;C:\WINDOWS\System32\WindowsPowerShell\v1.0\;C:\WINDOWS\System32\OpenSSH\;C:\Program Files\nodejs\;C:\ProgramData\chocolatey\bin;C:\Program Files\Git\cmd;C:\Program Files\PowerShell\7\;C:\Program Files\FileBot\;C:\Users\Eric\AppData\Local\Microsoft\WindowsApps;;C:\Users\Eric\AppData\Local\Programs\Microsoft VS Code\bin;C:\Users\Eric\AppData\Roaming\npm

Yarn version: 
  1.22.19

Node version: 
  16.18.0

Platform: 
  win32 x64

Trace: 
  Error: EPERM: operation not permitted, unlink 'C:\Users\Eric\Documents\Projets\Penduel\web3\node_modules\bufferutil\prebuilds\win32-x64\node.napi.node'

npm manifest: 
  {
    "name": "hardhat-project",
    "dependencies": {
      "@chainlink/contracts": "^0.5.1",
      "@nomicfoundation/hardhat-network-helpers": "^1.0.7",
      "@openzeppelin/contracts": "^4.8.0",
      "dotenv": "^16.0.3"
    },
    "devDependencies": {
      "@ethersproject/abi": "^5.7.0",
      "@ethersproject/providers": "^5.7.2",
      "@nomicfoundation/hardhat-chai-matchers": "^1.0.5",
      "@nomicfoundation/hardhat-toolbox": "^2.0.0",
      "@nomiclabs/hardhat-ethers": "^2.2.2",
      "@nomiclabs/hardhat-web3": "^2.0.0",
      "@typechain/ethers-v5": "^10.2.0",
      "@typechain/hardhat": "^6.1.5",
      "@types/chai": "^4.3.4",
      "@types/mocha": "^9.1.0",
      "@types/node": "^18.11.18",
      "chai": "^4.3.7",
      "ethers": "^5.0.0",
      "hardhat": "^2.12.6",
      "hardhat-gas-reporter": "^1.0.9",
      "solidity-coverage": "^0.8.2",
      "ts-node": "^10.9.1",
      "typechain": "^8.1.1",
      "typescript": "^4.9.4",
      "web3": "^1.8.1"
    }
  }

yarn manifest: 
  No manifest

Lockfile: 
  No lockfile
